<?xml version="1.0" encoding="UTF-8"?>
<testsuite name="StringBarTest" tests="1" skipped="0" failures="0" errors="0" timestamp="2021-12-05T14:07:03" hostname="ASUS-TUF-GAMING-FX504GD-FX80GD" time="0.011">
  <properties/>
  <testcase name="orderStringRecipe()" classname="StringBarTest" time="0.011"/>
  <system-out><![CDATA[]]></system-out>
  <system-err><![CDATA[]]></system-err>
</testsuite>
