<?xml version="1.0" encoding="UTF-8"?>
<testsuite name="BarTest" tests="2" skipped="0" failures="0" errors="0" timestamp="2021-12-08T01:21:59" hostname="ASUS-TUF-GAMING-FX504GD-FX80GD" time="0.254">
  <properties/>
  <testcase name="removeObserver()" classname="BarTest" time="0.249"/>
  <testcase name="addObserver()" classname="BarTest" time="0.004"/>
  <system-out><![CDATA[]]></system-out>
  <system-err><![CDATA[]]></system-err>
</testsuite>
