<?xml version="1.0" encoding="UTF-8"?>
<testsuite name="SmartStrategyTest" tests="2" skipped="0" failures="0" errors="0" timestamp="2021-12-08T01:21:59" hostname="ASUS-TUF-GAMING-FX504GD-FX80GD" time="0.001">
  <properties/>
  <testcase name="smartStrategyStartClosed()" classname="SmartStrategyTest" time="0.0"/>
  <testcase name="smartStrategyStartOpened()" classname="SmartStrategyTest" time="0.0"/>
  <system-out><![CDATA[]]></system-out>
  <system-err><![CDATA[]]></system-err>
</testsuite>
